TN:
SF:src\Trabalho01Turma02.js
FN:2,(anonymous_0)
FN:7,(anonymous_1)
FN:11,(anonymous_2)
FN:12,(anonymous_3)
FN:15,(anonymous_4)
FN:16,(anonymous_5)
FN:19,(anonymous_6)
FN:20,(anonymous_7)
FN:23,(anonymous_8)
FN:27,(anonymous_9)
FN:31,(anonymous_10)
FN:32,(anonymous_11)
FN:35,(anonymous_12)
FN:36,(anonymous_13)
FN:39,(anonymous_14)
FN:40,(anonymous_15)
FN:43,(anonymous_16)
FN:47,(anonymous_17)
FN:58,(anonymous_18)
FN:68,(anonymous_19)
FN:69,(anonymous_20)
FN:72,(anonymous_21)
FN:73,(anonymous_22)
FN:76,(anonymous_23)
FN:80,(anonymous_24)
FN:84,(anonymous_25)
FN:85,(anonymous_26)
FN:88,(anonymous_27)
FN:89,(anonymous_28)
FN:92,(anonymous_29)
FN:99,(anonymous_30)
FN:100,(anonymous_31)
FNF:32
FNH:32
FNDA:27,(anonymous_0)
FNDA:26,(anonymous_1)
FNDA:2,(anonymous_2)
FNDA:1,(anonymous_3)
FNDA:14,(anonymous_4)
FNDA:13,(anonymous_5)
FNDA:1,(anonymous_6)
FNDA:2,(anonymous_7)
FNDA:5,(anonymous_8)
FNDA:11,(anonymous_9)
FNDA:2,(anonymous_10)
FNDA:1,(anonymous_11)
FNDA:7,(anonymous_12)
FNDA:7,(anonymous_13)
FNDA:1,(anonymous_14)
FNDA:1,(anonymous_15)
FNDA:4,(anonymous_16)
FNDA:6,(anonymous_17)
FNDA:2,(anonymous_18)
FNDA:1,(anonymous_19)
FNDA:2,(anonymous_20)
FNDA:1,(anonymous_21)
FNDA:2,(anonymous_22)
FNDA:1,(anonymous_23)
FNDA:1,(anonymous_24)
FNDA:1,(anonymous_25)
FNDA:2,(anonymous_26)
FNDA:1,(anonymous_27)
FNDA:2,(anonymous_28)
FNDA:2,(anonymous_29)
FNDA:1,(anonymous_30)
FNDA:2,(anonymous_31)
DA:3,27
DA:4,27
DA:8,26
DA:12,2
DA:16,14
DA:20,2
DA:24,5
DA:28,11
DA:32,2
DA:36,7
DA:40,1
DA:44,4
DA:48,6
DA:49,6
DA:50,6
DA:51,5
DA:52,5
DA:53,5
DA:55,1
DA:59,2
DA:60,2
DA:61,1
DA:62,1
DA:63,1
DA:65,1
DA:69,2
DA:73,2
DA:77,1
DA:81,1
DA:85,2
DA:89,2
DA:93,2
DA:94,2
DA:95,1
DA:100,2
DA:104,1
LF:36
LH:36
BRDA:50,0,0,5
BRDA:50,0,1,1
BRDA:50,1,0,6
BRDA:50,1,1,6
BRDA:50,1,2,6
BRDA:60,2,0,1
BRDA:60,2,1,1
BRDA:60,3,0,2
BRDA:60,3,1,2
BRDA:94,4,0,1
BRDA:94,4,1,1
BRF:11
BRH:11
end_of_record
